$ next build
  ▲ Next.js 14.2.3
  - Environments: .env.local

   Creating an optimized production build ...
 ✓ Compiled successfully
   Linting and checking validity of types ...

./src/components/ui/RotateText.tsx
20:6  Warning: React Hook React.useEffect has a missing dependency: 'words.length'. Either include it or remove the dependency array.  react-hooks/exhaustive-deps

info  - Need to disable some ESLint rules? Learn more here: https://nextjs.org/docs/basic-features/eslint#disabling-rules
   Collecting page data ...
   Generating static pages (0/5) ...
   Generating static pages (1/5) 
   Generating static pages (2/5) 
   Generating static pages (3/5) 
 ✓ Generating static pages (5/5)
   Finalizing page optimization ...
   Collecting build traces ...

Route (app)                              Size     First Load JS
┌ ○ /                                    65.2 kB         202 kB
└ ○ /_not-found                          873 B          87.9 kB
+ First Load JS shared by all            87 kB
  ├ chunks/1dd3208c-a163af180cfc5185.js  53.6 kB
  ├ chunks/286-ef7e8b939aa9d66a.js       31.5 kB
  └ other shared chunks (total)          1.96 kB


○  (Static)  prerendered as static content

